<?xml version="1.0" encoding="UTF-8"?>
<testsuite name="Google search" tests="1" skipped="1" failures="0" errors="0" timestamp="2018-11-20T14:26:28" hostname="RC-PC" time="0.018">
  <properties/>
  <testcase name="Search for a required word" classname="Google search" time="0.018">
    <skipped/>
  </testcase>
  <system-out><![CDATA[    ?[33mGiven ?[0m?[33mthat Esneider want to search a word?[0m            ?[90m# null?[0m
    ?[33mWhen ?[0m?[33mhe find for the word hola mundo?[0m                 ?[90m# null?[0m
    ?[33mThen ?[0m?[33mhe should see the word Hola mundo in the screen?[0m ?[90m# null?[0m
]]></system-out>
  <system-err><![CDATA[[Test worker] INFO net.thucydides.core.steps.ConsoleLoggingListener - TEST PENDING
[Test worker] INFO net.thucydides.core.steps.ConsoleLoggingListener - TEST PENDING
[Test worker] INFO net.thucydides.core.steps.ConsoleLoggingListener - TEST PENDING
[Test worker] INFO net.thucydides.core.steps.ConsoleLoggingListener - 
          __  _____ _____ ____ _____   ____  _____ _   _ ____ ___ _   _  ____ 
 _       / / |_   _| ____/ ___|_   _| |  _ \| ____| \ | |  _ \_ _| \ | |/ ___|
(_)____ / /    | | |  _| \___ \ | |   | |_) |  _| |  \| | | | | ||  \| | |  _ 
 |_____/ /     | | | |___ ___) || |   |  __/| |___| |\  | |_| | || |\  | |_| |
(_)   /_/      |_| |_____|____/ |_|   |_|   |_____|_| \_|____/___|_| \_|\____|
                                                                                

TEST PENDING: Search for a required word
---------------------------------------------------------------------------------
]]></system-err>
</testsuite>
